TN:
SF:D:\Windows\Desarrollo\git\platziverse\platziverse-db\index.js
FN:15,(anonymous_0)
FNF:1
FNH:1
FNDA:5,(anonymous_0)
DA:5,5
DA:6,5
DA:7,5
DA:11,5
DA:13,5
DA:15,5
DA:18,5
DA:31,5
DA:35,5
DA:36,5
DA:38,5
DA:39,5
DA:41,5
DA:45,5
DA:46,0
DA:49,5
DA:50,5
DA:51,5
DA:53,5
LF:19
LH:18
BRDA:45,0,0,0
BRDA:45,0,1,5
BRF:2
BRH:1
end_of_record
TN:
SF:D:\Windows\Desarrollo\git\platziverse\platziverse-db\lib\agent.js
FN:4,setupAgent
FN:5,findById
FN:9,createOrUpdate
FNF:3
FNH:3
FNDA:5,setupAgent
FNDA:1,findById
FNDA:1,createOrUpdate
DA:4,1
DA:6,1
DA:10,1
DA:16,1
DA:18,1
DA:19,1
DA:20,1
DA:24,0
DA:25,0
DA:28,5
LF:10
LH:8
BRDA:18,0,0,1
BRDA:18,0,1,0
BRDA:20,1,0,1
BRDA:20,1,1,0
BRF:4
BRH:2
end_of_record
TN:
SF:D:\Windows\Desarrollo\git\platziverse\platziverse-db\lib\db.js
FN:12,setupDatabase
FNF:1
FNH:1
FNDA:5,setupDatabase
DA:9,1
DA:10,1
DA:12,1
DA:13,5
DA:14,1
DA:16,5
LF:6
LH:6
BRDA:13,0,0,1
BRDA:13,0,1,4
BRF:2
BRH:2
end_of_record
TN:
SF:D:\Windows\Desarrollo\git\platziverse\platziverse-db\models\agent.js
FN:6,setupAgentModel
FNF:1
FNH:0
FNDA:0,setupAgentModel
DA:3,1
DA:4,1
DA:6,1
DA:7,0
DA:9,0
LF:5
LH:3
BRF:0
BRH:0
end_of_record
TN:
SF:D:\Windows\Desarrollo\git\platziverse\platziverse-db\models\metric.js
FN:8,setupMetricModel
FNF:1
FNH:0
FNDA:0,setupMetricModel
DA:5,1
DA:6,1
DA:8,1
DA:9,0
DA:11,0
LF:5
LH:3
BRF:0
BRH:0
end_of_record
TN:
SF:D:\Windows\Desarrollo\git\platziverse\platziverse-db\tests\agent-tests.js
FN:28,(anonymous_4)
FN:67,(anonymous_5)
FN:87,(anonymous_6)
FN:88,(anonymous_7)
FN:98,(anonymous_8)
FN:105,(anonymous_9)
FN:110,(anonymous_10)
FN:114,(anonymous_11)
FN:122,(anonymous_12)
FN:132,(anonymous_13)
FNF:10
FNH:10
FNDA:5,(anonymous_4)
FNDA:5,(anonymous_5)
FNDA:5,(anonymous_6)
FNDA:5,(anonymous_7)
FNDA:5,(anonymous_8)
FNDA:1,(anonymous_9)
FNDA:1,(anonymous_10)
FNDA:1,(anonymous_11)
FNDA:1,(anonymous_12)
FNDA:1,(anonymous_13)
DA:4,1
DA:13,1
DA:20,1
DA:23,1
DA:27,1
DA:32,1
DA:40,1
DA:42,1
DA:44,1
DA:49,1
DA:55,1
DA:57,1
DA:59,1
DA:67,1
DA:69,5
DA:72,5
DA:76,5
DA:77,5
DA:79,5
DA:80,5
DA:82,5
DA:83,5
DA:86,5
DA:87,5
DA:88,5
DA:95,5
DA:98,1
DA:99,5
DA:106,1
DA:110,1
DA:111,1
DA:114,4
DA:115,1
DA:116,1
DA:117,1
DA:118,1
DA:122,3
DA:123,1
DA:125,1
DA:126,1
DA:127,1
DA:129,1
DA:132,3
DA:133,1
DA:134,1
DA:135,1
DA:136,1
DA:137,1
LF:48
LH:48
BRDA:99,0,0,5
BRDA:99,0,1,5
BRF:2
BRH:2
end_of_record
TN:
SF:D:\Windows\Desarrollo\git\platziverse\platziverse-db\tests\fixtures\agent.js
FN:22,extend
FN:30,(anonymous_1)
FN:31,(anonymous_2)
FN:32,(anonymous_3)
FN:32,(anonymous_4)
FN:33,(anonymous_5)
FN:33,(anonymous_6)
FNF:7
FNH:7
FNDA:3,extend
FNDA:4,(anonymous_1)
FNDA:4,(anonymous_2)
FNDA:5,(anonymous_3)
FNDA:20,(anonymous_4)
FNDA:6,(anonymous_5)
FNDA:24,(anonymous_6)
DA:3,1
DA:15,1
DA:23,3
DA:24,3
DA:27,1
DA:30,4
DA:31,4
DA:32,20
DA:33,24
LF:9
LH:9
BRF:0
BRH:0
end_of_record
