TN:
SF:/Users/ruben/git/platziverse/platziverse-db/index.js
FN:16,(anonymous_0)
FNF:1
FNH:1
FNDA:15,(anonymous_0)
DA:5,15
DA:6,15
DA:7,15
DA:11,15
DA:13,15
DA:14,15
DA:16,15
DA:19,15
DA:33,15
DA:37,15
DA:38,15
DA:40,15
DA:41,15
DA:43,15
DA:47,15
DA:48,0
DA:51,15
DA:52,15
DA:54,15
LF:19
LH:18
BRDA:47,0,0,0
BRDA:47,0,1,15
BRF:2
BRH:1
end_of_record
TN:
SF:/Users/ruben/git/platziverse/platziverse-db/lib/agent.js
FN:4,setupAgent
FN:5,findById
FN:9,createOrUpdate
FN:30,findByUuid
FN:38,findAll
FN:42,findConnected
FN:50,findByUsername
FNF:7
FNH:7
FNDA:15,setupAgent
FNDA:1,findById
FNDA:2,createOrUpdate
FNDA:1,findByUuid
FNDA:1,findAll
FNDA:1,findConnected
FNDA:1,findByUsername
DA:4,2
DA:6,1
DA:11,2
DA:18,2
DA:20,2
DA:21,1
DA:22,1
DA:26,1
DA:27,1
DA:31,1
DA:39,1
DA:43,1
DA:51,1
DA:59,15
LF:14
LH:14
BRDA:20,0,0,1
BRDA:20,0,1,1
BRDA:22,1,0,1
BRDA:22,1,1,0
BRF:4
BRH:3
end_of_record
TN:
SF:/Users/ruben/git/platziverse/platziverse-db/lib/db.js
FN:12,setupDatabase
FNF:1
FNH:1
FNDA:15,setupDatabase
DA:9,2
DA:10,2
DA:12,2
DA:13,15
DA:14,2
DA:16,15
LF:6
LH:6
BRDA:13,0,0,2
BRDA:13,0,1,13
BRF:2
BRH:2
end_of_record
TN:
SF:/Users/ruben/git/platziverse/platziverse-db/lib/metric.js
FN:3,setupMetric
FN:4,create
FN:21,findByAgentUuid
FN:38,findByTypeAgentUuid
FNF:4
FNH:4
FNDA:15,setupMetric
FNDA:1,create
FNDA:1,findByAgentUuid
FNDA:1,findByTypeAgentUuid
DA:3,2
DA:5,1
DA:10,1
DA:11,1
DA:12,1
DA:16,1
DA:17,1
DA:22,1
DA:35,1
DA:39,1
DA:58,1
DA:61,15
LF:12
LH:12
BRDA:11,0,0,1
BRDA:11,0,1,0
BRF:2
BRH:1
end_of_record
TN:
SF:/Users/ruben/git/platziverse/platziverse-db/models/agent.js
FN:6,setupAgentModel
FNF:1
FNH:0
FNDA:0,setupAgentModel
DA:3,2
DA:4,2
DA:6,2
DA:7,0
DA:9,0
LF:5
LH:3
BRF:0
BRH:0
end_of_record
TN:
SF:/Users/ruben/git/platziverse/platziverse-db/models/metric.js
FN:8,setupMetricModel
FNF:1
FNH:0
FNDA:0,setupMetricModel
DA:5,2
DA:6,2
DA:8,2
DA:9,0
DA:11,0
LF:5
LH:3
BRF:0
BRH:0
end_of_record
TN:
SF:/Users/ruben/git/platziverse/platziverse-db/tests/agent-tests.js
FN:28,(anonymous_4)
FN:89,(anonymous_5)
FN:109,(anonymous_6)
FN:119,(anonymous_7)
FN:120,(anonymous_8)
FN:130,(anonymous_9)
FN:137,(anonymous_10)
FN:142,(anonymous_11)
FN:146,(anonymous_12)
FN:154,(anonymous_13)
FN:164,(anonymous_14)
FN:172,(anonymous_15)
FN:185,(anonymous_16)
FN:193,(anonymous_17)
FN:202,(anonymous_18)
FN:211,(anonymous_19)
FNF:16
FNH:16
FNDA:10,(anonymous_4)
FNDA:10,(anonymous_5)
FNDA:1,(anonymous_6)
FNDA:10,(anonymous_7)
FNDA:10,(anonymous_8)
FNDA:10,(anonymous_9)
FNDA:1,(anonymous_10)
FNDA:1,(anonymous_11)
FNDA:1,(anonymous_12)
FNDA:1,(anonymous_13)
FNDA:1,(anonymous_14)
FNDA:1,(anonymous_15)
FNDA:1,(anonymous_16)
FNDA:1,(anonymous_17)
FNDA:1,(anonymous_18)
FNDA:1,(anonymous_19)
DA:4,1
DA:13,1
DA:20,1
DA:23,1
DA:27,1
DA:32,1
DA:40,1
DA:42,1
DA:44,1
DA:49,1
DA:55,1
DA:57,1
DA:59,1
DA:65,1
DA:71,1
DA:78,1
DA:89,1
DA:91,10
DA:94,10
DA:98,10
DA:99,10
DA:101,10
DA:102,10
DA:104,10
DA:105,10
DA:107,10
DA:108,10
DA:109,1
DA:112,10
DA:113,10
DA:114,10
DA:115,10
DA:118,10
DA:119,10
DA:120,10
DA:127,10
DA:130,1
DA:131,10
DA:138,1
DA:142,1
DA:143,1
DA:146,4
DA:147,1
DA:148,1
DA:149,1
DA:150,1
DA:154,3
DA:155,1
DA:157,1
DA:158,1
DA:159,1
DA:161,1
DA:164,3
DA:165,1
DA:166,1
DA:167,1
DA:168,1
DA:169,1
DA:172,6
DA:173,1
DA:174,1
DA:175,1
DA:176,1
DA:179,1
DA:180,1
DA:181,1
DA:182,1
DA:185,3
DA:186,1
DA:187,1
DA:188,1
DA:189,1
DA:190,1
DA:193,3
DA:194,1
DA:195,1
DA:196,1
DA:197,1
DA:198,1
DA:199,1
DA:202,3
DA:203,1
DA:204,1
DA:205,1
DA:206,1
DA:207,1
DA:208,1
DA:211,3
DA:212,1
DA:213,1
DA:214,1
DA:215,1
DA:216,1
DA:217,1
LF:94
LH:94
BRDA:131,0,0,10
BRDA:131,0,1,10
BRF:2
BRH:2
end_of_record
TN:
SF:/Users/ruben/git/platziverse/platziverse-db/tests/metric-tests.js
FN:11,(anonymous_4)
FN:61,(anonymous_5)
FN:78,(anonymous_6)
FN:93,(anonymous_7)
FN:94,(anonymous_8)
FN:100,(anonymous_9)
FN:104,(anonymous_10)
FN:108,(anonymous_11)
FN:115,(anonymous_12)
FN:129,(anonymous_13)
FN:139,(anonymous_14)
FNF:11
FNH:11
FNDA:5,(anonymous_4)
FNDA:5,(anonymous_5)
FNDA:1,(anonymous_6)
FNDA:5,(anonymous_7)
FNDA:5,(anonymous_8)
FNDA:5,(anonymous_9)
FNDA:1,(anonymous_10)
FNDA:1,(anonymous_11)
FNDA:1,(anonymous_12)
FNDA:1,(anonymous_13)
FNDA:1,(anonymous_14)
DA:3,1
DA:4,1
DA:5,1
DA:7,1
DA:8,1
DA:10,1
DA:14,1
DA:15,1
DA:16,1
DA:17,1
DA:18,1
DA:19,1
DA:21,1
DA:25,1
DA:38,1
DA:55,1
DA:61,1
DA:62,5
DA:64,5
DA:68,5
DA:73,5
DA:74,5
DA:76,5
DA:77,5
DA:78,1
DA:81,5
DA:82,5
DA:83,5
DA:84,5
DA:87,5
DA:88,5
DA:92,5
DA:93,5
DA:94,5
DA:97,5
DA:100,1
DA:101,5
DA:104,1
DA:105,1
DA:108,4
DA:109,1
DA:110,1
DA:111,1
DA:112,1
DA:115,6
DA:116,1
DA:118,1
DA:119,1
DA:120,1
DA:122,1
DA:123,1
DA:124,1
DA:126,1
DA:129,3
DA:130,1
DA:132,1
DA:133,1
DA:134,1
DA:136,1
DA:139,3
DA:140,1
DA:142,1
DA:143,1
DA:144,1
DA:146,1
LF:65
LH:65
BRDA:101,0,0,5
BRDA:101,0,1,5
BRF:2
BRH:2
end_of_record
TN:
SF:/Users/ruben/git/platziverse/platziverse-db/tests/fixtures/agent.js
FN:29,(anonymous_0)
FN:30,(anonymous_1)
FN:31,(anonymous_2)
FN:31,(anonymous_3)
FN:32,(anonymous_4)
FN:32,(anonymous_5)
FNF:6
FNH:6
FNDA:8,(anonymous_0)
FNDA:8,(anonymous_1)
FNDA:16,(anonymous_2)
FNDA:64,(anonymous_3)
FNDA:13,(anonymous_4)
FNDA:52,(anonymous_5)
DA:3,2
DA:5,2
DA:7,2
DA:19,2
DA:26,2
DA:29,8
DA:30,8
DA:31,64
DA:32,52
LF:9
LH:9
BRF:0
BRH:0
end_of_record
TN:
SF:/Users/ruben/git/platziverse/platziverse-db/tests/fixtures/metric.js
FN:24,findByAgentUuid
FN:25,(anonymous_1)
FN:25,(anonymous_2)
FN:34,findByTypeAgentUuid
FN:35,(anonymous_4)
FN:35,(anonymous_5)
FN:45,sortBy
FN:46,(anonymous_7)
FNF:8
FNH:8
FNDA:6,findByAgentUuid
FNDA:24,(anonymous_1)
FNDA:18,(anonymous_2)
FNDA:6,findByTypeAgentUuid
FNDA:24,(anonymous_4)
FNDA:18,(anonymous_5)
FNDA:6,sortBy
FNDA:12,(anonymous_7)
DA:3,1
DA:4,1
DA:6,1
DA:8,1
DA:17,1
DA:25,24
DA:26,18
DA:30,18
DA:35,24
DA:36,18
DA:41,18
DA:46,6
DA:47,12
DA:48,12
DA:50,12
DA:51,0
DA:52,12
DA:53,0
DA:55,12
DA:60,1
LF:20
LH:18
BRDA:25,0,0,24
BRDA:25,0,1,0
BRDA:35,1,0,24
BRDA:35,1,1,18
BRDA:35,2,0,18
BRDA:35,2,1,0
BRDA:50,3,0,0
BRDA:50,3,1,12
BRDA:52,4,0,0
BRDA:52,4,1,12
BRF:10
BRH:6
end_of_record
TN:
SF:/Users/ruben/git/platziverse/platziverse-db/utils/extend.js
FN:3,extend
FNF:1
FNH:1
FNDA:9,extend
DA:4,9
DA:5,9
DA:8,2
LF:3
LH:3
BRF:0
BRH:0
end_of_record
